_201_compress	19	1754.41
_201_compress	4	1755.57
_201_compress	9	1755.65
_201_compress	16	1757.21
_201_compress	17	1759.18
_201_compress	11	1769.33
_201_compress	14	1769.6
_201_compress	1	1771.0
_201_compress	8	1771.79
_201_compress	5	1772.12
_201_compress	7	1772.42
_201_compress	12	1772.63
_201_compress	0	1774.1
_201_compress	15	1774.15
_201_compress	10	1775.01
_201_compress	18	1775.35
_201_compress	6	1775.74
_201_compress	2	1775.99
_201_compress	13	1780.98
_201_compress	3	1789.05
_202_jess	9	315.22
_202_jess	1	317.57
_202_jess	7	319.12
_202_jess	15	320.97
_202_jess	16	321.63
_202_jess	5	322.8
_202_jess	11	323.62
_202_jess	12	324.66
_202_jess	3	326.76
_202_jess	4	326.8
_202_jess	13	326.85
_202_jess	8	327.54
_202_jess	17	327.67
_202_jess	6	328.49
_202_jess	10	330.67
_202_jess	2	331.4
_202_jess	18	331.94
_202_jess	14	333.98
_202_jess	19	334.57
_202_jess	0	337.94
_209_db		3	1178.36
_209_db		5	1179.12
_209_db		8	1180.03
_209_db		1	1180.33
_209_db		17	1180.99
_209_db		19	1181.61
_209_db		16	1182.29
_209_db		10	1182.65
_209_db		12	1183.93
_209_db		18	1185.43
_209_db		6	1188.71
_209_db		2	1189.9
_209_db		15	1191.04
_209_db		0	1191.21
_209_db		7	1193.15
_209_db		9	1193.85
_209_db		4	1196.01
_209_db		14	1197.78
_209_db		13	1203.05
_209_db		11	1204.6
_213_javac	9	716.7
_213_javac	3	722.13
_213_javac	6	722.25
_213_javac	19	724.99
_213_javac	5	725.07
_213_javac	7	726.28
_213_javac	10	733.14
_213_javac	18	734.43
_213_javac	11	737.59
_213_javac	0	737.91
_213_javac	4	739.33
_213_javac	14	741.72
_213_javac	16	741.94
_213_javac	15	747.01
_213_javac	2	748.9
_213_javac	1	752.25
_213_javac	17	754.9
_213_javac	8	757.3
_213_javac	12	762.79
_213_javac	13	778.59
_222_mpegaudio	19	1049.38
_222_mpegaudio	18	1051.76
_222_mpegaudio	6	1053.65
_222_mpegaudio	8	1053.83
_222_mpegaudio	4	1053.95
_222_mpegaudio	5	1054.17
_222_mpegaudio	14	1054.41
_222_mpegaudio	9	1056.25
_222_mpegaudio	15	1056.26
_222_mpegaudio	16	1058.21
_222_mpegaudio	12	1059.26
_222_mpegaudio	11	1059.65
_222_mpegaudio	17	1060.24
_222_mpegaudio	13	1063.8
_222_mpegaudio	10	1070.21
_222_mpegaudio	2	1071.79
_222_mpegaudio	0	1074.36
_222_mpegaudio	7	1080.42
_222_mpegaudio	1	1083.81
_222_mpegaudio	3	1095.08
_227_mtrt	8	230.9
_227_mtrt	11	231.26
_227_mtrt	4	231.64
_227_mtrt	12	232.56
_227_mtrt	6	234.49
_227_mtrt	15	242.02
_227_mtrt	13	242.84
_227_mtrt	16	243.65
_227_mtrt	9	243.92
_227_mtrt	18	244.05
_227_mtrt	14	245.2
_227_mtrt	5	245.24
_227_mtrt	3	245.29
_227_mtrt	2	246.35
_227_mtrt	0	246.88
_227_mtrt	1	248.42
_227_mtrt	7	251.44
_227_mtrt	19	253.73
_227_mtrt	17	260.67
_227_mtrt	10	274.76
_228_jack	16	450.42
_228_jack	14	451.91
_228_jack	12	452.44
_228_jack	18	452.81
_228_jack	13	453.11
_228_jack	5	454.39
_228_jack	7	454.94
_228_jack	2	454.95
_228_jack	8	455.2
_228_jack	1	455.39
_228_jack	0	455.94
_228_jack	15	456.1
_228_jack	4	457.03
_228_jack	11	457.82
_228_jack	17	461.0
_228_jack	9	461.68
_228_jack	3	461.71
_228_jack	19	464.46
_228_jack	10	465.18
_228_jack	6	513.76
antlr		18	554.27
antlr		13	556.0
antlr		5	561.79
antlr		9	563.77
antlr		17	569.47
antlr		0	571.65
antlr		14	575.66
antlr		2	580.97
antlr		12	581.54
antlr		3	582.05
antlr		16	587.42
antlr		15	587.9
antlr		11	592.26
antlr		6	596.82
antlr		7	598.56
antlr		8	599.97
antlr		1	600.17
antlr		4	603.22
antlr		10	607.06
antlr		19	636.69
avrora		5	2213.02
avrora		6	2229.35
avrora		8	2230.5
avrora		13	2231.99
avrora		0	2232.49
avrora		14	2233.92
avrora		11	2233.93
avrora		4	2234.29
avrora		17	2235.56
avrora		3	2238.14
avrora		10	2240.58
avrora		9	2244.68
avrora		1	2245.38
avrora		12	2247.49
avrora		2	2247.5
avrora		7	2250.74
avrora		19	2254.46
avrora		15	2256.07
avrora		18	2266.15
avrora		16	2282.55
bloat		15	1861.57
bloat		17	1864.59
bloat		12	1875.97
bloat		8	1895.66
bloat		4	1911.08
bloat		11	1916.36
bloat		2	1919.01
bloat		16	1926.03
bloat		14	1933.11
bloat		9	1936.23
bloat		3	1942.06
bloat		10	1942.19
bloat		1	1947.8
bloat		18	1959.94
bloat		19	1970.35
bloat		7	1973.69
bloat		0	1974.78
bloat		6	1993.34
bloat		13	2020.38
bloat		5	2078.21
eclipse		2	10888.63
eclipse		19	10906.0
eclipse		1	10921.67
eclipse		15	10931.12
eclipse		13	10931.58
eclipse		4	10947.6
eclipse		14	10957.69
eclipse		9	10969.82
eclipse		18	10985.8
eclipse		5	10986.62
eclipse		12	11016.01
eclipse		16	11028.07
eclipse		17	11039.56
eclipse		7	11049.27
eclipse		10	11064.18
eclipse		8	11089.69
eclipse		6	11192.54
eclipse		3	11203.12
eclipse		0	11258.83
eclipse		11	11278.97
fop		14	570.03
fop		11	571.79
fop		7	577.09
fop		6	579.02
fop		3	580.3
fop		15	580.55
fop		0	581.36
fop		16	582.19
fop		19	583.62
fop		12	583.71
fop		2	586.84
fop		18	588.09
fop		4	591.79
fop		8	592.2
fop		10	594.32
fop		17	595.5
fop		1	609.83
fop		5	609.88
fop		13	624.31
fop		9	626.5
hsqldb		3	689.91
hsqldb		19	695.81
hsqldb		1	698.78
hsqldb		12	698.79
hsqldb		8	699.89
hsqldb		13	705.24
hsqldb		6	707.49
hsqldb		15	708.78
hsqldb		2	710.55
hsqldb		16	711.51
hsqldb		9	712.87
hsqldb		17	713.49
hsqldb		18	717.96
hsqldb		4	723.92
hsqldb		11	725.13
hsqldb		7	737.85
hsqldb		14	746.61
hsqldb		5	754.67
hsqldb		0	759.73
hsqldb		10	771.91
jython		13	1988.81
jython		5	2013.16
jython		17	2020.56
jython		10	2034.28
jython		4	2034.9
jython		6	2044.95
jython		0	2048.33
jython		7	2051.1
jython		16	2057.57
jython		15	2062.23
jython		2	2062.74
jython		8	2070.19
jython		1	2075.98
jython		9	2082.53
jython		12	2083.3
jython		18	2086.35
jython		11	2089.93
jython		19	2091.55
jython		3	2095.23
jython		14	2121.91
luindex		17	579.43
luindex		6	583.8
luindex		12	586.88
luindex		16	590.44
luindex		8	593.96
luindex		1	600.03
luindex		2	600.45
luindex		10	600.78
luindex		18	608.26
luindex		14	608.62
luindex		7	609.14
luindex		4	609.2
luindex		13	613.05
luindex		3	616.42
luindex		0	617.38
luindex		19	619.04
luindex		11	620.03
luindex		5	623.95
luindex		9	625.0
luindex		15	630.09
lusearch	12	810.05
lusearch	19	810.21
lusearch	4	822.19
lusearch	13	822.93
lusearch	6	824.09
lusearch	3	824.73
lusearch	15	827.46
lusearch	2	827.98
lusearch	7	828.03
lusearch	9	828.36
lusearch	1	830.58
lusearch	18	831.53
lusearch	14	834.95
lusearch	17	836.75
lusearch	11	843.25
lusearch	8	843.43
lusearch	10	847.43
lusearch	0	853.15
lusearch	5	853.35
lusearch	16	868.83
lusearch_fix	11	497.83
lusearch_fix	3	501.38
lusearch_fix	1	504.64
lusearch_fix	9	511.16
lusearch_fix	17	511.59
lusearch_fix	13	512.51
lusearch_fix	6	513.71
lusearch_fix	18	514.93
lusearch_fix	19	515.14
lusearch_fix	12	516.85
lusearch_fix	14	517.13
lusearch_fix	2	518.71
lusearch_fix	15	524.56
lusearch_fix	0	526.85
lusearch_fix	8	527.29
lusearch_fix	10	527.45
lusearch_fix	7	530.29
lusearch_fix	5	531.92
lusearch_fix	16	534.25
lusearch_fix	4	544.32
pjbb2005	10	2797.92
pjbb2005	19	2808.86
pjbb2005	16	2811.1
pjbb2005	14	2848.3
pjbb2005	2	2856.2
pjbb2005	0	2862.96
pjbb2005	8	2867.55
pjbb2005	6	2872.94
pjbb2005	4	2873.3
pjbb2005	11	2880.07
pjbb2005	15	2882.86
pjbb2005	7	2886.31
pjbb2005	12	2894.1
pjbb2005	5	2894.48
pjbb2005	18	2898.74
pjbb2005	3	2911.89
pjbb2005	9	2917.0
pjbb2005	17	2918.88
pjbb2005	1	2936.98
pjbb2005	13	2943.78
pmd		4	574.16
pmd		1	576.96
pmd		19	579.43
pmd		3	579.61
pmd		0	580.34
pmd		18	582.25
pmd		7	582.76
pmd		13	582.8
pmd		8	588.73
pmd		16	590.69
pmd		5	591.07
pmd		17	592.24
pmd		15	592.99
pmd		10	594.38
pmd		11	595.7
pmd		6	598.74
pmd		14	601.24
pmd		2	604.0
pmd		9	604.33
pmd		12	612.72
sunflow		4	1688.95
sunflow		10	1699.83
sunflow		15	1706.68
sunflow		9	1709.81
sunflow		8	1718.29
sunflow		7	1720.94
sunflow		18	1723.2
sunflow		17	1743.03
sunflow		19	1743.81
sunflow		13	1750.06
sunflow		11	1750.44
sunflow		0	1752.9
sunflow		6	1763.67
sunflow		14	1766.88
sunflow		1	1774.77
sunflow		16	1776.4
sunflow		3	1785.12
sunflow		5	1799.83
sunflow		12	1807.33
sunflow		2	1824.83
xalan		14	638.11
xalan		1	639.17
xalan		17	639.18
xalan		8	640.55
xalan		9	642.21
xalan		5	644.94
xalan		13	646.59
xalan		6	651.63
xalan		15	652.82
xalan		2	653.9
xalan		4	658.46
xalan		18	658.84
xalan		19	658.97
xalan		11	659.31
xalan		0	660.82
xalan		12	661.63
xalan		7	661.86
xalan		10	666.05
xalan		16	672.47
xalan		3	677.93
